0 info it worked if it ends with ok
1 verbose cli [
1 verbose cli   'C:\\Program Files\\nodejs\\node.exe',
1 verbose cli   'C:\\Users\\wsss\\AppData\\Roaming\\npm\\node_modules\\npm\\bin\\npm-cli.js',
1 verbose cli   'install',
1 verbose cli   '-g',
1 verbose cli   'n'
1 verbose cli ]
2 info using npm@3.10.10
3 info using node@v15.4.0
4 silly loadCurrentTree Starting
5 silly install loadCurrentTree
6 silly install readGlobalPackageData
7 silly fetchPackageMetaData n
8 silly fetchNamedPackageData n
9 silly mapToRegistry name n
10 silly mapToRegistry using default registry
11 silly mapToRegistry registry https://registry.npmjs.org/
12 silly mapToRegistry data Result {
12 silly mapToRegistry   raw: 'n',
12 silly mapToRegistry   scope: null,
12 silly mapToRegistry   escapedName: 'n',
12 silly mapToRegistry   name: 'n',
12 silly mapToRegistry   rawSpec: '',
12 silly mapToRegistry   spec: 'latest',
12 silly mapToRegistry   type: 'tag'
12 silly mapToRegistry }
13 silly mapToRegistry uri https://registry.npmjs.org/n
14 verbose request uri https://registry.npmjs.org/n
15 verbose request no auth needed
16 info attempt registry request try #1 at 18:00:03
17 verbose request id f5e0eba7e53a2106
18 http request GET https://registry.npmjs.org/n
19 http 200 https://registry.npmjs.org/n
20 verbose headers {
20 verbose headers   date: 'Fri, 19 Mar 2021 15:00:05 GMT',
20 verbose headers   'content-type': 'application/json',
20 verbose headers   'transfer-encoding': 'chunked',
20 verbose headers   connection: 'keep-alive',
20 verbose headers   'set-cookie': [
20 verbose headers     '__cfduid=d65011e51a4a8c77d915d3e43153efe9d1616166004; expires=Sun, 18-Apr-21 15:00:04 GMT; path=/; domain=.npmjs.org; HttpOnly; SameSite=Lax'
20 verbose headers   ],
20 verbose headers   'cf-ray': '632791779d049069-DME',
20 verbose headers   'cache-control': 'public, max-age=300',
20 verbose headers   etag: 'W/"cfc3e11c62665e0da8c8147162a25e97"',
20 verbose headers   'last-modified': 'Fri, 12 Mar 2021 07:12:14 GMT',
20 verbose headers   vary: 'accept-encoding, accept',
20 verbose headers   'cf-cache-status': 'EXPIRED',
20 verbose headers   'cf-request-id': '08ec993ec200009069b1b37000000001',
20 verbose headers   'expect-ct': 'max-age=604800, report-uri="https://report-uri.cloudflare.com/cdn-cgi/beacon/expect-ct"',
20 verbose headers   server: 'cloudflare',
20 verbose headers   'content-encoding': 'gzip'
20 verbose headers }
21 silly get cb [
21 silly get   200,
21 silly get   {
21 silly get     date: 'Fri, 19 Mar 2021 15:00:05 GMT',
21 silly get     'content-type': 'application/json',
21 silly get     'transfer-encoding': 'chunked',
21 silly get     connection: 'keep-alive',
21 silly get     'set-cookie': [
21 silly get       '__cfduid=d65011e51a4a8c77d915d3e43153efe9d1616166004; expires=Sun, 18-Apr-21 15:00:04 GMT; path=/; domain=.npmjs.org; HttpOnly; SameSite=Lax'
21 silly get     ],
21 silly get     'cf-ray': '632791779d049069-DME',
21 silly get     'cache-control': 'public, max-age=300',
21 silly get     etag: 'W/"cfc3e11c62665e0da8c8147162a25e97"',
21 silly get     'last-modified': 'Fri, 12 Mar 2021 07:12:14 GMT',
21 silly get     vary: 'accept-encoding, accept',
21 silly get     'cf-cache-status': 'EXPIRED',
21 silly get     'cf-request-id': '08ec993ec200009069b1b37000000001',
21 silly get     'expect-ct': 'max-age=604800, report-uri="https://report-uri.cloudflare.com/cdn-cgi/beacon/expect-ct"',
21 silly get     server: 'cloudflare',
21 silly get     'content-encoding': 'gzip'
21 silly get   }
21 silly get ]
22 verbose get saving n to C:\Users\wsss\AppData\Roaming\npm-cache\registry.npmjs.org\n\.cache.json
23 verbose correctMkdir C:\Users\wsss\AppData\Roaming\npm-cache correctMkdir not in flight; initializing
24 verbose stack TypeError: cb.apply is not a function
24 verbose stack     at C:\Users\wsss\AppData\Roaming\npm\node_modules\npm\node_modules\graceful-fs\polyfills.js:267:18
24 verbose stack     at FSReqCallback.oncomplete (node:fs:200:5)
25 verbose cwd C:\Users\wsss\Desktop\Students
26 error Windows_NT 10.0.19042
27 error argv "C:\\Program Files\\nodejs\\node.exe" "C:\\Users\\wsss\\AppData\\Roaming\\npm\\node_modules\\npm\\bin\\npm-cli.js" "install" "-g" "n"
28 error node v15.4.0
29 error npm  v3.10.10
30 error cb.apply is not a function
31 error If you need help, you may report this error at:
31 error     <https://github.com/npm/npm/issues>
32 verbose exit [ 1, true ]
